[2023-08-09 18:58:12] [ INFO ] [OdontologoDaoH2:39] Odontologo Registrado: 
Id: 1 - Matricula: 35465 - Nombre: Pepito - Apellido: Perez

[2023-08-09 21:36:41] [ ERROR] [OdontologoDaoH2:42] La base de datos puede que ya esté siendo utilizada: "C:/Users/USUARIO/integrador.mv.db". Soluciones Posibles: cierre todas las otras conexiones; use el modo server
Database may be already in use: "C:/Users/USUARIO/integrador.mv.db". Possible solutions: close all other connection(s); use the server mode [90020-214]
[2023-08-09 21:36:41] [ ERROR] [OdontologoDaoH2:58] No se pudo cerrar la conexion: Cannot invoke "java.sql.Connection.close()" because "connection" is null
[2023-08-09 21:36:55] [ INFO ] [OdontologoDaoH2:39] Odontologo Registrado: 
Id: 1 - Matricula: 35465 - Nombre: Pepito - Apellido: Perez
[2023-08-09 21:47:59] [ INFO ] [OdontologoDaoH2:39] Odontologo Registrado: 
Id: 1 - Matricula: 35465 - Nombre: Pepito - Apellido: Perez
[2023-08-09 21:49:00] [ INFO ] [OdontologoDaoH2:39] Odontologo Registrado: 
Id: 2 - Matricula: 35465 - Nombre: Pepito - Apellido: Perez
[2023-08-09 21:49:06] [ INFO ] [OdontologoDaoH2:39] Odontologo Registrado: 
Id: 3 - Matricula: 35465 - Nombre: Pepito - Apellido: Perez
[2023-08-09 21:51:09] [ INFO ] [OdontologoDaoH2:39] Odontologo Registrado: 
Id: 1 - Matricula: 35465 - Nombre: Pepito - Apellido: Perez
[2023-08-09 21:53:46] [ INFO ] [OdontologoDaoH2:39] Odontologo Registrado: 
Id: 1 - Matricula: 35465 - Nombre: David - Apellido: Tellez
[2023-08-09 21:53:46] [ INFO ] [OdontologoDaoH2:39] Odontologo Registrado: 
Id: 2 - Matricula: 35465 - Nombre: Pepito - Apellido: Perez
[2023-08-09 21:53:46] [ INFO ] [OdontologoDaoH2:39] Odontologo Registrado: 
Id: 3 - Matricula: 35466 - Nombre: Matias - Apellido: Ardusso
[2023-08-09 22:22:16] [ ERROR] [OdontologoDaoH2:42] La base de datos puede que ya esté siendo utilizada: "C:/Users/USUARIO/integrador.mv.db". Soluciones Posibles: cierre todas las otras conexiones; use el modo server
Database may be already in use: "C:/Users/USUARIO/integrador.mv.db". Possible solutions: close all other connection(s); use the server mode [90020-214]
[2023-08-09 22:22:16] [ ERROR] [OdontologoDaoH2:58] No se pudo cerrar la conexion: Cannot invoke "java.sql.Connection.close()" because "connection" is null
[2023-08-09 22:22:16] [ ERROR] [OdontologoDaoH2:42] La base de datos puede que ya esté siendo utilizada: "C:/Users/USUARIO/integrador.mv.db". Soluciones Posibles: cierre todas las otras conexiones; use el modo server
Database may be already in use: "C:/Users/USUARIO/integrador.mv.db". Possible solutions: close all other connection(s); use the server mode [90020-214]
[2023-08-09 22:22:16] [ ERROR] [OdontologoDaoH2:58] No se pudo cerrar la conexion: Cannot invoke "java.sql.Connection.close()" because "connection" is null
[2023-08-09 22:29:07] [ ERROR] [OdontologoDaoH2:122] Tabla "MEDICAMENTOS" no encontrada
Table "MEDICAMENTOS" not found; SQL statement:
SELECT * FROM MEDICAMENTOS [42102-214]
[2023-08-09 22:29:07] [ INFO ] [OdontologoDaoH2:40] Odontologo Registrado: 
Id: 3 - Matricula: 35465 - Nombre: Pepito - Apellido: Perez
[2023-08-09 22:29:07] [ INFO ] [OdontologoDaoH2:40] Odontologo Registrado: 
Id: 4 - Matricula: 35466 - Nombre: Matias - Apellido: Ardusso
[2023-08-09 22:29:42] [ ERROR] [OdontologoDaoH2:122] Columna "codigo" no encontrada
Column "codigo" not found [42122-214]
[2023-08-09 22:29:42] [ INFO ] [OdontologoDaoH2:40] Odontologo Registrado: 
Id: 3 - Matricula: 35465 - Nombre: Pepito - Apellido: Perez
[2023-08-09 22:29:42] [ INFO ] [OdontologoDaoH2:40] Odontologo Registrado: 
Id: 4 - Matricula: 35466 - Nombre: Matias - Apellido: Ardusso
[2023-08-09 22:31:00] [ INFO ] [OdontologoDaoH2:119] Listado de todos los odontologos: [
Id: 1 - Matricula: 32589 - Nombre: Julian - Apellido: Garcia, 
Id: 2 - Matricula: 32589 - Nombre: Pedro - Apellido: Garzon, 
Id: 3 - Matricula: 35465 - Nombre: Pepito - Apellido: Perez, 
Id: 4 - Matricula: 35466 - Nombre: Matias - Apellido: Ardusso]
[2023-08-09 22:31:00] [ INFO ] [OdontologoDaoH2:40] Odontologo Registrado: 
Id: 5 - Matricula: 35465 - Nombre: Pepito - Apellido: Perez
[2023-08-09 22:31:00] [ INFO ] [OdontologoDaoH2:40] Odontologo Registrado: 
Id: 6 - Matricula: 35466 - Nombre: Matias - Apellido: Ardusso
[2023-08-10 09:07:35] [ INFO ] [OdontologoDaoH2:119] Listado de todos los odontologos: [
Id: 1 - Matricula: 32589 - Nombre: Julian - Apellido: Garcia, 
Id: 2 - Matricula: 32589 - Nombre: Pedro - Apellido: Garzon]
[2023-08-10 09:07:35] [ INFO ] [OdontologoDaoH2:40] Odontologo Registrado: 
Id: 3 - Matricula: 35465 - Nombre: Pepito - Apellido: Perez
[2023-08-10 09:07:35] [ INFO ] [OdontologoDaoH2:40] Odontologo Registrado: 
Id: 4 - Matricula: 35466 - Nombre: Matias - Apellido: Ardusso
[2023-08-10 09:07:35] [ INFO ] [OdontologoDaoEnMemoria:33] Listado de todos los medicamentos: 
null
[2023-08-10 09:15:23] [ INFO ] [OdontologoDaoH2:119] Listado de todos los odontologos: [
Id: 1 - Matricula: 32589 - Nombre: Julian - Apellido: Garcia, 
Id: 2 - Matricula: 32589 - Nombre: Pedro - Apellido: Garzon]
[2023-08-10 09:15:23] [ INFO ] [OdontologoDaoH2:40] Odontologo Registrado: 
Id: 3 - Matricula: 35465 - Nombre: Pepito - Apellido: Perez
[2023-08-10 09:15:23] [ INFO ] [OdontologoDaoH2:40] Odontologo Registrado: 
Id: 4 - Matricula: 35466 - Nombre: Matias - Apellido: Ardusso
[2023-08-10 09:15:23] [ INFO ] [OdontologoDaoEnMemoria:33] Listado de todos los medicamentos: 
null
[2023-08-10 09:22:32] [ INFO ] [OdontologoDaoH2:119] Listado de todos los odontologos: [
Id: 1 - Matricula: 32589 - Nombre: Julian - Apellido: Garcia, 
Id: 2 - Matricula: 32589 - Nombre: Pedro - Apellido: Garzon]
[2023-08-10 09:22:32] [ INFO ] [OdontologoDaoH2:40] Odontologo Registrado: 
Id: 3 - Matricula: 35465 - Nombre: Pepito - Apellido: Perez
[2023-08-10 09:22:32] [ INFO ] [OdontologoDaoH2:40] Odontologo Registrado: 
Id: 4 - Matricula: 35466 - Nombre: Matias - Apellido: Ardusso
[2023-08-10 09:22:32] [ INFO ] [OdontologoDaoEnMemoria:33] Listado de todos los medicamentos: 
null
[2023-08-10 09:28:46] [ INFO ] [OdontologoDaoH2:119] Listado de todos los odontologos: [
Id: 1 - Matricula: 32589 - Nombre: Julian - Apellido: Garcia, 
Id: 2 - Matricula: 32589 - Nombre: Pedro - Apellido: Garzon]
[2023-08-10 09:28:46] [ INFO ] [OdontologoDaoH2:40] Odontologo Registrado: 
Id: 3 - Matricula: 35465 - Nombre: Pepito - Apellido: Perez
[2023-08-10 09:28:46] [ INFO ] [OdontologoDaoH2:40] Odontologo Registrado: 
Id: 4 - Matricula: 35466 - Nombre: Matias - Apellido: Ardusso
[2023-08-10 09:28:46] [ INFO ] [OdontologoDaoEnMemoria:33] Listado de todos los medicamentos: 
null
[2023-08-10 09:31:01] [ INFO ] [OdontologoDaoH2:119] Listado de todos los odontologos: [
Id: 1 - Matricula: 32589 - Nombre: Julian - Apellido: Garcia, 
Id: 2 - Matricula: 32589 - Nombre: Pedro - Apellido: Garzon]
[2023-08-10 09:31:01] [ INFO ] [OdontologoDaoEnMemoria:22] Odontologo guardado: 
Id: 0 - Matricula: 35487 - Nombre: Andres - Apellido: Perez
[2023-08-10 09:31:01] [ INFO ] [OdontologoDaoH2:40] Odontologo Registrado: 
Id: 3 - Matricula: 35465 - Nombre: Pepito - Apellido: Perez
[2023-08-10 09:31:01] [ INFO ] [OdontologoDaoH2:40] Odontologo Registrado: 
Id: 4 - Matricula: 35466 - Nombre: Matias - Apellido: Ardusso
[2023-08-10 09:31:01] [ INFO ] [OdontologoDaoEnMemoria:33] Listado de todos los medicamentos: 
[]
[2023-08-10 09:32:23] [ INFO ] [OdontologoDaoH2:119] Listado de todos los odontologos: [
Id: 1 - Matricula: 32589 - Nombre: Julian - Apellido: Garcia, 
Id: 2 - Matricula: 32589 - Nombre: Pedro - Apellido: Garzon]
[2023-08-10 09:32:23] [ INFO ] [OdontologoDaoEnMemoria:22] Odontologo guardado: 
Id: 0 - Matricula: 35487 - Nombre: Andres - Apellido: Perez
[2023-08-10 09:32:23] [ INFO ] [OdontologoDaoH2:40] Odontologo Registrado: 
Id: 3 - Matricula: 35465 - Nombre: Pepito - Apellido: Perez
[2023-08-10 09:32:23] [ INFO ] [OdontologoDaoH2:40] Odontologo Registrado: 
Id: 4 - Matricula: 35466 - Nombre: Matias - Apellido: Ardusso
[2023-08-10 09:32:23] [ INFO ] [OdontologoDaoEnMemoria:33] Listado de todos los medicamentos: 
[]
[2023-08-10 09:33:49] [ INFO ] [OdontologoDaoEnMemoria:33] Listado de todos los medicamentos: 
[]
[2023-08-10 09:35:39] [ INFO ] [OdontologoDaoH2:119] Listado de todos los odontologos: [
Id: 1 - Matricula: 32589 - Nombre: Julian - Apellido: Garcia, 
Id: 2 - Matricula: 32589 - Nombre: Pedro - Apellido: Garzon]
[2023-08-10 09:35:39] [ INFO ] [OdontologoDaoEnMemoria:22] Odontologo guardado: 
Id: 0 - Matricula: 35487 - Nombre: Andres - Apellido: Perez
[2023-08-10 09:35:39] [ INFO ] [OdontologoDaoH2:40] Odontologo Registrado: 
Id: 3 - Matricula: 35465 - Nombre: Pepito - Apellido: Perez
[2023-08-10 09:35:39] [ INFO ] [OdontologoDaoH2:40] Odontologo Registrado: 
Id: 4 - Matricula: 35466 - Nombre: Matias - Apellido: Ardusso
[2023-08-10 09:35:39] [ INFO ] [OdontologoDaoEnMemoria:33] Listado de todos los medicamentos: 
[]
[2023-08-10 09:36:43] [ INFO ] [OdontologoDaoH2:119] Listado de todos los odontologos: [
Id: 1 - Matricula: 32589 - Nombre: Julian - Apellido: Garcia, 
Id: 2 - Matricula: 32589 - Nombre: Pedro - Apellido: Garzon]
[2023-08-10 09:36:43] [ INFO ] [OdontologoDaoEnMemoria:22] Odontologo guardado: 
Id: 0 - Matricula: 35487 - Nombre: Andres - Apellido: Perez
[2023-08-10 09:36:43] [ INFO ] [OdontologoDaoH2:40] Odontologo Registrado: 
Id: 3 - Matricula: 35465 - Nombre: Pepito - Apellido: Perez
[2023-08-10 09:36:43] [ INFO ] [OdontologoDaoH2:40] Odontologo Registrado: 
Id: 4 - Matricula: 35466 - Nombre: Matias - Apellido: Ardusso
[2023-08-10 09:36:43] [ INFO ] [OdontologoDaoEnMemoria:22] Odontologo guardado: 
Id: 0 - Matricula: 35487 - Nombre: Andres - Apellido: Perez
[2023-08-10 09:36:43] [ INFO ] [OdontologoDaoEnMemoria:33] Listado de todos los medicamentos: 
[
Id: 0 - Matricula: 35487 - Nombre: Andres - Apellido: Perez]
[2023-08-10 09:38:02] [ INFO ] [OdontologoDaoH2:119] Listado de todos los odontologos: [
Id: 1 - Matricula: 32589 - Nombre: Julian - Apellido: Garcia, 
Id: 2 - Matricula: 32589 - Nombre: Pedro - Apellido: Garzon]
[2023-08-10 09:38:02] [ INFO ] [OdontologoDaoEnMemoria:22] Odontologo guardado: 
Id: 0 - Matricula: 35487 - Nombre: Andres - Apellido: Perez
[2023-08-10 09:38:02] [ INFO ] [OdontologoDaoH2:40] Odontologo Registrado: 
Id: 3 - Matricula: 35465 - Nombre: Pepito - Apellido: Perez
[2023-08-10 09:38:02] [ INFO ] [OdontologoDaoH2:40] Odontologo Registrado: 
Id: 4 - Matricula: 35466 - Nombre: Matias - Apellido: Ardusso
[2023-08-10 09:38:02] [ INFO ] [OdontologoDaoEnMemoria:22] Odontologo guardado: 
Id: 0 - Matricula: 35487 - Nombre: Andres - Apellido: Perez
[2023-08-10 09:38:02] [ INFO ] [OdontologoDaoEnMemoria:22] Odontologo guardado: 
Id: 0 - Matricula: 35487 - Nombre: Andres - Apellido: Perez
[2023-08-10 09:38:02] [ INFO ] [OdontologoDaoEnMemoria:33] Listado de todos los medicamentos: 
[
Id: 0 - Matricula: 35487 - Nombre: Andres - Apellido: Perez, 
Id: 0 - Matricula: 35487 - Nombre: Andres - Apellido: Perez]
[2023-08-10 09:39:14] [ INFO ] [OdontologoDaoH2:119] Listado de todos los odontologos: [
Id: 1 - Matricula: 32589 - Nombre: Julian - Apellido: Garcia, 
Id: 2 - Matricula: 32589 - Nombre: Pedro - Apellido: Garzon]
[2023-08-10 09:39:14] [ INFO ] [OdontologoDaoEnMemoria:22] Odontologo guardado: 
Id: 0 - Matricula: 35487 - Nombre: Andres - Apellido: Perez
[2023-08-10 09:39:14] [ INFO ] [OdontologoDaoH2:40] Odontologo Registrado: 
Id: 3 - Matricula: 35465 - Nombre: Pepito - Apellido: Perez
[2023-08-10 09:39:14] [ INFO ] [OdontologoDaoH2:40] Odontologo Registrado: 
Id: 4 - Matricula: 35466 - Nombre: Matias - Apellido: Ardusso
[2023-08-10 09:39:14] [ INFO ] [OdontologoDaoEnMemoria:22] Odontologo guardado: 
Id: 0 - Matricula: 35487 - Nombre: Andres - Apellido: Perez
[2023-08-10 09:39:14] [ INFO ] [OdontologoDaoEnMemoria:22] Odontologo guardado: 
Id: 0 - Matricula: 35487 - Nombre: David - Apellido: Tellez
[2023-08-10 09:39:14] [ INFO ] [OdontologoDaoEnMemoria:33] Listado de todos los medicamentos: 
[
Id: 0 - Matricula: 35487 - Nombre: Andres - Apellido: Perez, 
Id: 0 - Matricula: 35487 - Nombre: David - Apellido: Tellez]
[2023-08-10 09:41:49] [ INFO ] [OdontologoDaoH2:119] Listado de todos los odontologos: [
Id: 1 - Matricula: 32589 - Nombre: Julian - Apellido: Garcia, 
Id: 2 - Matricula: 32589 - Nombre: Pedro - Apellido: Garzon]
[2023-08-10 09:41:49] [ INFO ] [OdontologoDaoEnMemoria:22] Odontologo guardado: 
Id: 0 - Matricula: 35487 - Nombre: Andres - Apellido: Perez
[2023-08-10 09:41:49] [ INFO ] [OdontologoDaoH2:40] Odontologo Registrado: 
Id: 3 - Matricula: 35465 - Nombre: Pepito - Apellido: Perez
[2023-08-10 09:41:49] [ INFO ] [OdontologoDaoH2:40] Odontologo Registrado: 
Id: 4 - Matricula: 35466 - Nombre: Matias - Apellido: Ardusso
[2023-08-10 09:41:49] [ INFO ] [OdontologoDaoEnMemoria:22] Odontologo guardado: 
Id: 0 - Matricula: 35487 - Nombre: Andres - Apellido: Perez
[2023-08-10 09:41:49] [ INFO ] [OdontologoDaoEnMemoria:22] Odontologo guardado: 
Id: 0 - Matricula: 35487 - Nombre: David - Apellido: Tellez
[2023-08-10 09:41:49] [ INFO ] [OdontologoDaoEnMemoria:33] Listado de todos los medicamentos: 
[
Id: 0 - Matricula: 35487 - Nombre: Andres - Apellido: Perez, 
Id: 0 - Matricula: 35487 - Nombre: David - Apellido: Tellez]
